# Logfile created on 2014-07-21 21:43:52 +0300 by logger.rb/44203
I, [2014-07-21T21:43:52.436660 #26048]  INFO -- : soda    |   2    |   1000    |   2000
I, [2014-07-21T21:49:38.278282 #27353]  INFO -- : sweets    |   10    |   100    |   1000
I, [2014-07-21T23:59:53.961175 #27353]  INFO -- : trouser    |   1    |   12000    |   12000
I, [2014-07-22T00:00:14.915999 #27353]  INFO -- : spoon    |   2    |   400    |   800
I, [2014-07-22T13:47:49.343305 #8512]  INFO -- : soda    |   5    |   1000    |   5000
I, [2014-07-22T15:08:02.292207 #8512]  INFO -- : soda    |   2    |   1000    |   2000
I, [2014-07-22T15:08:09.952247 #8512]  INFO -- : trouser    |   2    |   12000    |   24000
I, [2014-07-22T15:08:35.328877 #8512]  INFO -- : sweets    |   4    |   100    |   400
I, [2014-07-22T15:08:43.057798 #8512]  INFO -- : shirt    |   2    |   5000    |   10000
I, [2014-07-22T15:08:50.540386 #8512]  INFO -- : tray    |   3    |   2000    |   6000
I, [2014-07-22T16:36:19.890271 #8512]  INFO -- : soda    |   4    |   1000    |   4000
I, [2014-07-23T09:52:21.215240 #2818]  INFO -- : soda    |   3    |   1000    |   3000
I, [2014-07-23T11:14:27.568245 #2818]  INFO -- : soda    |   1    |   1000    |   1000
I, [2014-07-23T11:15:01.669757 #2818]  INFO -- : soda    |   1    |   1000    |   1000
I, [2014-07-23T14:08:37.961997 #2981]  INFO -- : soda    |   g    |   1000    |   0
I, [2014-07-23T15:37:53.488129 #2981]  INFO -- : soda    |   1    |   1000    |   1000
I, [2014-07-23T15:52:26.037105 #2981]  INFO -- : soda    |   3    |   1000    |   3000
I, [2014-07-24T14:01:09.162097 #2853]  INFO -- : soda    |   1    |   1000    |   1000
I, [2014-07-24T14:04:18.473443 #2853]  INFO -- : soda    |   3    |   1000    |   3000
I, [2014-07-24T14:04:36.169059 #2853]  INFO -- : sweets    |   12    |   100    |   1200
I, [2014-07-24T14:04:55.987233 #2853]  INFO -- : tray    |   4    |   2000    |   8000
I, [2014-07-25T08:12:19.384541 #3990]  INFO -- : soda    |   1    |   1000    |   1000
I, [2014-07-25T08:12:26.677567 #3990]  INFO -- : sweets    |   12    |   100    |   1200
I, [2014-07-25T09:48:37.222699 #8811]  INFO -- : tray    |   2    |   2000    |   4000
